{"contracts/FuelToken.sol":{"l":{"13":39,"16":3,"17":2,"18":1,"22":20,"23":19},"path":"/Users/sergeyvagapov/Solidity/crosspunks-bsc-game/contracts/FuelToken.sol","s":{"1":39,"2":3,"3":2,"4":1,"5":20,"6":19},"b":{"1":[2,1],"2":[1,1],"3":[19,1]},"f":{"1":39,"2":3,"3":20},"fnMap":{"1":{"name":"constructor","line":12,"loc":{"start":{"line":12,"column":4},"end":{"line":14,"column":4}}},"2":{"name":"burn","line":15,"loc":{"start":{"line":15,"column":4},"end":{"line":19,"column":4}}},"3":{"name":"mint","line":21,"loc":{"start":{"line":21,"column":4},"end":{"line":24,"column":4}}}},"statementMap":{"1":{"start":{"line":13,"column":8},"end":{"line":13,"column":51}},"2":{"start":{"line":16,"column":8},"end":{"line":16,"column":74}},"3":{"start":{"line":17,"column":8},"end":{"line":17,"column":81}},"4":{"start":{"line":18,"column":8},"end":{"line":18,"column":28}},"5":{"start":{"line":22,"column":8},"end":{"line":22,"column":74}},"6":{"start":{"line":23,"column":8},"end":{"line":23,"column":26}}},"branchMap":{"1":{"line":16,"type":"if","locations":[{"start":{"line":16,"column":8},"end":{"line":16,"column":8}},{"start":{"line":16,"column":8},"end":{"line":16,"column":8}}]},"2":{"line":17,"type":"if","locations":[{"start":{"line":17,"column":8},"end":{"line":17,"column":8}},{"start":{"line":17,"column":8},"end":{"line":17,"column":8}}]},"3":{"line":22,"type":"if","locations":[{"start":{"line":22,"column":8},"end":{"line":22,"column":8}},{"start":{"line":22,"column":8},"end":{"line":22,"column":8}}]}}},"contracts/Staking.sol":{"l":{"61":21,"62":21,"63":21,"64":21,"68":0,"78":7,"79":7,"81":7,"83":7,"84":7,"91":7,"92":7,"101":1,"102":1,"104":1,"105":1,"106":1,"110":1,"111":1,"112":1,"113":1,"114":1,"119":1,"128":21,"129":19,"131":0,"133":2,"144":10,"145":10,"146":10,"147":10,"148":10,"149":6,"151":6,"153":6,"155":10,"160":8,"161":8,"162":3,"168":26,"169":26,"170":5,"172":21,"173":21,"174":6,"175":6,"177":15,"178":15,"180":15,"181":15,"182":15,"183":15,"188":17,"189":17,"190":17,"191":17,"192":7,"194":7,"196":17,"201":17,"202":17,"203":17,"208":6,"209":6,"210":6,"211":6,"212":6,"214":6,"215":6,"216":6,"217":6,"218":6,"223":1,"224":1,"225":1,"226":1,"227":1,"228":1,"233":13,"234":13,"235":0,"237":13},"path":"/Users/sergeyvagapov/Solidity/crosspunks-bsc-game/contracts/Staking.sol","s":{"1":21,"2":21,"3":21,"4":21,"5":0,"6":7,"7":7,"8":7,"9":7,"10":7,"11":7,"12":7,"13":1,"14":1,"15":1,"16":1,"17":1,"18":1,"19":1,"20":1,"21":1,"22":1,"23":1,"24":21,"25":19,"26":2,"27":0,"28":2,"29":10,"30":10,"31":10,"32":10,"33":10,"34":6,"35":6,"36":6,"37":10,"38":8,"39":8,"40":3,"41":26,"42":26,"43":5,"44":21,"45":21,"46":6,"47":6,"48":15,"49":15,"50":15,"51":15,"52":15,"53":15,"54":17,"55":17,"56":17,"57":17,"58":7,"59":7,"60":17,"61":17,"62":17,"63":17,"64":6,"65":6,"66":6,"67":6,"68":6,"69":6,"70":6,"71":6,"72":6,"73":6,"74":1,"75":1,"76":1,"77":1,"78":1,"79":1,"80":13,"81":13,"82":0,"83":13},"b":{"1":[7,0],"2":[1,0],"3":[1,0],"4":[1,0],"5":[19,2],"6":[0,2],"7":[6,4],"8":[5,21],"9":[6,15],"10":[7,10],"11":[6,0],"12":[0,13]},"f":{"1":21,"2":0,"3":7,"4":1,"5":1,"6":21,"7":10,"8":8,"9":26,"10":17,"11":6,"12":1,"13":13},"fnMap":{"1":{"name":"constructor","line":55,"loc":{"start":{"line":55,"column":4},"end":{"line":65,"column":4}}},"2":{"name":"poolLength","line":67,"loc":{"start":{"line":67,"column":4},"end":{"line":69,"column":4}}},"3":{"name":"add","line":77,"loc":{"start":{"line":73,"column":4},"end":{"line":93,"column":4}}},"4":{"name":"set","line":100,"loc":{"start":{"line":96,"column":4},"end":{"line":107,"column":4}}},"5":{"name":"changeStakeToken","line":109,"loc":{"start":{"line":109,"column":4},"end":{"line":120,"column":4}}},"6":{"name":"getMultiplier","line":123,"loc":{"start":{"line":123,"column":4},"end":{"line":136,"column":4}}},"7":{"name":"pendingReward","line":139,"loc":{"start":{"line":139,"column":4},"end":{"line":156,"column":4}}},"8":{"name":"massUpdatePools","line":159,"loc":{"start":{"line":159,"column":4},"end":{"line":164,"column":4}}},"9":{"name":"updatePool","line":167,"loc":{"start":{"line":167,"column":4},"end":{"line":184,"column":4}}},"10":{"name":"deposit","line":187,"loc":{"start":{"line":187,"column":4},"end":{"line":204,"column":4}}},"11":{"name":"withdraw","line":207,"loc":{"start":{"line":207,"column":4},"end":{"line":219,"column":4}}},"12":{"name":"emergencyWithdraw","line":222,"loc":{"start":{"line":222,"column":4},"end":{"line":229,"column":4}}},"13":{"name":"safeRewardTransfer","line":232,"loc":{"start":{"line":232,"column":4},"end":{"line":239,"column":4}}}},"statementMap":{"1":{"start":{"line":61,"column":8},"end":{"line":61,"column":33}},"2":{"start":{"line":62,"column":8},"end":{"line":62,"column":39}},"3":{"start":{"line":63,"column":8},"end":{"line":63,"column":37}},"4":{"start":{"line":64,"column":8},"end":{"line":64,"column":31}},"5":{"start":{"line":68,"column":8},"end":{"line":68,"column":30}},"6":{"start":{"line":78,"column":8},"end":{"line":78,"column":3038}},"7":{"start":{"line":79,"column":12},"end":{"line":79,"column":28}},"8":{"start":{"line":81,"column":8},"end":{"line":81,"column":3163}},"9":{"start":{"line":83,"column":8},"end":{"line":83,"column":54}},"10":{"start":{"line":84,"column":8},"end":{"line":84,"column":3264}},"11":{"start":{"line":91,"column":8},"end":{"line":91,"column":35}},"12":{"start":{"line":92,"column":8},"end":{"line":92,"column":77}},"13":{"start":{"line":101,"column":8},"end":{"line":101,"column":3811}},"14":{"start":{"line":102,"column":12},"end":{"line":102,"column":28}},"15":{"start":{"line":104,"column":8},"end":{"line":104,"column":82}},"16":{"start":{"line":105,"column":8},"end":{"line":105,"column":46}},"17":{"start":{"line":106,"column":8},"end":{"line":106,"column":42}},"18":{"start":{"line":110,"column":8},"end":{"line":110,"column":75}},"19":{"start":{"line":111,"column":8},"end":{"line":111,"column":63}},"20":{"start":{"line":112,"column":8},"end":{"line":112,"column":63}},"21":{"start":{"line":113,"column":8},"end":{"line":113,"column":73}},"22":{"start":{"line":114,"column":8},"end":{"line":114,"column":4431}},"23":{"start":{"line":119,"column":8},"end":{"line":119,"column":35}},"24":{"start":{"line":128,"column":8},"end":{"line":128,"column":4785}},"25":{"start":{"line":129,"column":12},"end":{"line":129,"column":51}},"26":{"start":{"line":130,"column":15},"end":{"line":130,"column":4881}},"27":{"start":{"line":131,"column":12},"end":{"line":131,"column":30}},"28":{"start":{"line":133,"column":12},"end":{"line":133,"column":5044}},"29":{"start":{"line":144,"column":8},"end":{"line":144,"column":46}},"30":{"start":{"line":145,"column":8},"end":{"line":145,"column":53}},"31":{"start":{"line":146,"column":8},"end":{"line":146,"column":58}},"32":{"start":{"line":147,"column":8},"end":{"line":147,"column":72}},"33":{"start":{"line":148,"column":8},"end":{"line":148,"column":5497}},"34":{"start":{"line":149,"column":12},"end":{"line":149,"column":5630}},"35":{"start":{"line":151,"column":12},"end":{"line":151,"column":5744}},"36":{"start":{"line":153,"column":12},"end":{"line":153,"column":60}},"37":{"start":{"line":155,"column":8},"end":{"line":155,"column":71}},"38":{"start":{"line":160,"column":8},"end":{"line":160,"column":40}},"39":{"start":{"line":161,"column":8},"end":{"line":161,"column":6088}},"40":{"start":{"line":162,"column":12},"end":{"line":162,"column":26}},"41":{"start":{"line":168,"column":8},"end":{"line":168,"column":46}},"42":{"start":{"line":169,"column":8},"end":{"line":169,"column":6349}},"43":{"start":{"line":170,"column":12},"end":{"line":170,"column":18}},"44":{"start":{"line":172,"column":8},"end":{"line":172,"column":72}},"45":{"start":{"line":173,"column":8},"end":{"line":173,"column":6505}},"46":{"start":{"line":174,"column":12},"end":{"line":174,"column":54}},"47":{"start":{"line":175,"column":12},"end":{"line":175,"column":18}},"48":{"start":{"line":177,"column":8},"end":{"line":177,"column":78}},"49":{"start":{"line":178,"column":8},"end":{"line":178,"column":6772}},"50":{"start":{"line":180,"column":8},"end":{"line":180,"column":46}},"51":{"start":{"line":181,"column":8},"end":{"line":181,"column":70}},"52":{"start":{"line":182,"column":8},"end":{"line":182,"column":50}},"53":{"start":{"line":183,"column":8},"end":{"line":183,"column":92}},"54":{"start":{"line":188,"column":8},"end":{"line":188,"column":46}},"55":{"start":{"line":189,"column":8},"end":{"line":189,"column":58}},"56":{"start":{"line":190,"column":8},"end":{"line":190,"column":23}},"57":{"start":{"line":191,"column":8},"end":{"line":191,"column":7349}},"58":{"start":{"line":192,"column":12},"end":{"line":192,"column":7453}},"59":{"start":{"line":194,"column":12},"end":{"line":194,"column":50}},"60":{"start":{"line":196,"column":8},"end":{"line":196,"column":7552}},"61":{"start":{"line":201,"column":8},"end":{"line":201,"column":29}},"62":{"start":{"line":202,"column":8},"end":{"line":202,"column":68}},"63":{"start":{"line":203,"column":8},"end":{"line":203,"column":47}},"64":{"start":{"line":208,"column":8},"end":{"line":208,"column":46}},"65":{"start":{"line":209,"column":8},"end":{"line":209,"column":58}},"66":{"start":{"line":210,"column":8},"end":{"line":210,"column":60}},"67":{"start":{"line":211,"column":8},"end":{"line":211,"column":23}},"68":{"start":{"line":212,"column":8},"end":{"line":212,"column":8221}},"69":{"start":{"line":214,"column":8},"end":{"line":214,"column":46}},"70":{"start":{"line":215,"column":8},"end":{"line":215,"column":66}},"71":{"start":{"line":216,"column":8},"end":{"line":216,"column":29}},"72":{"start":{"line":217,"column":8},"end":{"line":217,"column":68}},"73":{"start":{"line":218,"column":8},"end":{"line":218,"column":48}},"74":{"start":{"line":223,"column":8},"end":{"line":223,"column":46}},"75":{"start":{"line":224,"column":8},"end":{"line":224,"column":58}},"76":{"start":{"line":225,"column":8},"end":{"line":225,"column":70}},"77":{"start":{"line":226,"column":8},"end":{"line":226,"column":61}},"78":{"start":{"line":227,"column":8},"end":{"line":227,"column":22}},"79":{"start":{"line":228,"column":8},"end":{"line":228,"column":26}},"80":{"start":{"line":233,"column":8},"end":{"line":233,"column":64}},"81":{"start":{"line":234,"column":8},"end":{"line":234,"column":9210}},"82":{"start":{"line":235,"column":12},"end":{"line":235,"column":47}},"83":{"start":{"line":237,"column":12},"end":{"line":237,"column":45}}},"branchMap":{"1":{"line":78,"type":"if","locations":[{"start":{"line":78,"column":8},"end":{"line":78,"column":8}},{"start":{"line":78,"column":8},"end":{"line":78,"column":8}}]},"2":{"line":101,"type":"if","locations":[{"start":{"line":101,"column":8},"end":{"line":101,"column":8}},{"start":{"line":101,"column":8},"end":{"line":101,"column":8}}]},"3":{"line":110,"type":"if","locations":[{"start":{"line":110,"column":8},"end":{"line":110,"column":8}},{"start":{"line":110,"column":8},"end":{"line":110,"column":8}}]},"4":{"line":113,"type":"if","locations":[{"start":{"line":113,"column":8},"end":{"line":113,"column":8}},{"start":{"line":113,"column":8},"end":{"line":113,"column":8}}]},"5":{"line":128,"type":"if","locations":[{"start":{"line":128,"column":8},"end":{"line":128,"column":8}},{"start":{"line":128,"column":8},"end":{"line":128,"column":8}}]},"6":{"line":130,"type":"if","locations":[{"start":{"line":130,"column":15},"end":{"line":130,"column":15}},{"start":{"line":130,"column":15},"end":{"line":130,"column":15}}]},"7":{"line":148,"type":"if","locations":[{"start":{"line":148,"column":8},"end":{"line":148,"column":8}},{"start":{"line":148,"column":8},"end":{"line":148,"column":8}}]},"8":{"line":169,"type":"if","locations":[{"start":{"line":169,"column":8},"end":{"line":169,"column":8}},{"start":{"line":169,"column":8},"end":{"line":169,"column":8}}]},"9":{"line":173,"type":"if","locations":[{"start":{"line":173,"column":8},"end":{"line":173,"column":8}},{"start":{"line":173,"column":8},"end":{"line":173,"column":8}}]},"10":{"line":191,"type":"if","locations":[{"start":{"line":191,"column":8},"end":{"line":191,"column":8}},{"start":{"line":191,"column":8},"end":{"line":191,"column":8}}]},"11":{"line":210,"type":"if","locations":[{"start":{"line":210,"column":8},"end":{"line":210,"column":8}},{"start":{"line":210,"column":8},"end":{"line":210,"column":8}}]},"12":{"line":234,"type":"if","locations":[{"start":{"line":234,"column":8},"end":{"line":234,"column":8}},{"start":{"line":234,"column":8},"end":{"line":234,"column":8}}]}}}}