{
"contracts/AutoStaking.sol":{"l":{"40":0,"41":0,"42":0,"46":0,"47":0,"48":0,"52":0,"56":0,"58":0,"59":0,"61":0,"62":0,"63":0,"65":0,"67":0,"68":0,"69":0,"70":0,"71":0,"73":0,"75":0,"79":0,"81":0,"82":0,"83":0,"85":0,"86":0,"88":0,"90":0,"94":0,"95":0,"96":0,"98":0,"99":0,"100":0,"102":0,"104":0,"105":0,"106":0,"107":0,"109":0,"113":0,"117":0,"121":0,"125":0,"129":0,"133":0,"137":0,"141":0,"145":0,"146":0,"147":0,"150":0,"155":0,"159":0,"163":0,"164":0,"165":0,"166":0,"167":0,"171":0,"172":0,"174":0,"175":0,"176":0,"177":0,"178":0,"180":0,"183":0,"187":0,"191":0,"192":0,"193":0},"path":"/Users/sergeyvagapov/Solidity/Ultra-Swap/contracts/AutoStaking.sol","s":{"1":0,"2":0,"3":0,"4":0,"5":0,"6":0,"7":0,"8":0,"9":0,"10":0,"11":0,"12":0,"13":0,"14":0,"15":0,"16":0,"17":0,"18":0,"19":0,"20":0,"21":0,"22":0,"23":0,"24":0,"25":0,"26":0,"27":0,"28":0,"29":0,"30":0,"31":0,"32":0,"33":0,"34":0,"35":0,"36":0,"37":0,"38":0,"39":0,"40":0,"41":0,"42":0,"43":0,"44":0,"45":0,"46":0,"47":0,"48":0,"49":0,"50":0,"51":0,"52":0,"53":0,"54":0,"55":0,"56":0,"57":0,"58":0,"59":0,"60":0,"61":0,"62":0,"63":0,"64":0,"65":0,"66":0,"67":0,"68":0,"69":0,"70":0,"71":0,"72":0},"b":{"1":[0,0],"2":[0,0],"3":[0,0],"4":[0,0],"5":[0,0],"6":[0,0],"7":[0,0],"8":[0,0],"9":[0,0],"10":[0,0],"11":[0,0],"12":[0,0],"13":[0,0]},"f":{"1":0,"2":0,"3":0,"4":0,"5":0,"6":0,"7":0,"8":0,"9":0,"10":0,"11":0,"12":0,"13":0,"14":0,"15":0,"16":0,"17":0,"18":0,"19":0},"fnMap":{"1":{"name":"constructor","line":39,"loc":{"start":{"line":39,"column":4},"end":{"line":43,"column":4}}},"2":{"name":"notContract","line":45,"loc":{"start":{"line":45,"column":4},"end":{"line":49,"column":4}}},"3":{"name":"calculateRestakeReward","line":51,"loc":{"start":{"line":51,"column":4},"end":{"line":53,"column":4}}},"4":{"name":"deposit","line":55,"loc":{"start":{"line":55,"column":4},"end":{"line":76,"column":4}}},"5":{"name":"restake","line":78,"loc":{"start":{"line":78,"column":4},"end":{"line":91,"column":4}}},"6":{"name":"withdraw","line":93,"loc":{"start":{"line":93,"column":4},"end":{"line":118,"column":4}}},"7":{"name":"doApprove","line":120,"loc":{"start":{"line":120,"column":4},"end":{"line":122,"column":4}}},"8":{"name":"setPerformanceFee","line":124,"loc":{"start":{"line":124,"column":4},"end":{"line":126,"column":4}}},"9":{"name":"setRestakeReward","line":128,"loc":{"start":{"line":128,"column":4},"end":{"line":130,"column":4}}},"10":{"name":"setWithdrawFee","line":132,"loc":{"start":{"line":132,"column":4},"end":{"line":134,"column":4}}},"11":{"name":"setWithdrawFeePeriod","line":136,"loc":{"start":{"line":136,"column":4},"end":{"line":138,"column":4}}},"12":{"name":"emergencyWithdraw","line":140,"loc":{"start":{"line":140,"column":4},"end":{"line":142,"column":4}}},"13":{"name":"getToken","line":144,"loc":{"start":{"line":144,"column":4},"end":{"line":152,"column":4}}},"14":{"name":"pause","line":154,"loc":{"start":{"line":154,"column":4},"end":{"line":156,"column":4}}},"15":{"name":"unpause","line":158,"loc":{"start":{"line":158,"column":4},"end":{"line":160,"column":4}}},"16":{"name":"total","line":162,"loc":{"start":{"line":162,"column":4},"end":{"line":168,"column":4}}},"17":{"name":"_getAmountNeeded","line":170,"loc":{"start":{"line":170,"column":4},"end":{"line":184,"column":4}}},"18":{"name":"_balance","line":186,"loc":{"start":{"line":186,"column":4},"end":{"line":188,"column":4}}},"19":{"name":"_deposit","line":190,"loc":{"start":{"line":190,"column":4},"end":{"line":195,"column":4}}}},"statementMap":{"1":{"start":{"line":40,"column":8},"end":{"line":40,"column":21}},"2":{"start":{"line":41,"column":8},"end":{"line":41,"column":25}},"3":{"start":{"line":42,"column":8},"end":{"line":42,"column":63}},"4":{"start":{"line":46,"column":8},"end":{"line":46,"column":73}},"5":{"start":{"line":47,"column":8},"end":{"line":47,"column":65}},"6":{"start":{"line":52,"column":8},"end":{"line":52,"column":95}},"7":{"start":{"line":56,"column":8},"end":{"line":56,"column":49}},"8":{"start":{"line":58,"column":8},"end":{"line":58,"column":30}},"9":{"start":{"line":59,"column":8},"end":{"line":59,"column":67}},"10":{"start":{"line":61,"column":8},"end":{"line":61,"column":29}},"11":{"start":{"line":62,"column":8},"end":{"line":62,"column":2059}},"12":{"start":{"line":63,"column":12},"end":{"line":63,"column":55}},"13":{"start":{"line":65,"column":12},"end":{"line":65,"column":34}},"14":{"start":{"line":67,"column":8},"end":{"line":67,"column":62}},"15":{"start":{"line":68,"column":8},"end":{"line":68,"column":54}},"16":{"start":{"line":69,"column":8},"end":{"line":69,"column":35}},"17":{"start":{"line":70,"column":8},"end":{"line":70,"column":47}},"18":{"start":{"line":71,"column":8},"end":{"line":71,"column":35}},"19":{"start":{"line":73,"column":8},"end":{"line":73,"column":17}},"20":{"start":{"line":75,"column":8},"end":{"line":75,"column":75}},"21":{"start":{"line":79,"column":8},"end":{"line":79,"column":40}},"22":{"start":{"line":81,"column":8},"end":{"line":81,"column":32}},"23":{"start":{"line":82,"column":8},"end":{"line":82,"column":68}},"24":{"start":{"line":83,"column":8},"end":{"line":83,"column":36}},"25":{"start":{"line":85,"column":8},"end":{"line":85,"column":66}},"26":{"start":{"line":86,"column":8},"end":{"line":86,"column":61}},"27":{"start":{"line":88,"column":8},"end":{"line":88,"column":17}},"28":{"start":{"line":90,"column":8},"end":{"line":90,"column":79}},"29":{"start":{"line":94,"column":8},"end":{"line":94,"column":54}},"30":{"start":{"line":95,"column":8},"end":{"line":95,"column":50}},"31":{"start":{"line":96,"column":8},"end":{"line":96,"column":73}},"32":{"start":{"line":98,"column":8},"end":{"line":98,"column":63}},"33":{"start":{"line":99,"column":8},"end":{"line":99,"column":29}},"34":{"start":{"line":100,"column":8},"end":{"line":100,"column":29}},"35":{"start":{"line":102,"column":8},"end":{"line":102,"column":38}},"36":{"start":{"line":104,"column":8},"end":{"line":104,"column":3500}},"37":{"start":{"line":105,"column":12},"end":{"line":105,"column":76}},"38":{"start":{"line":106,"column":12},"end":{"line":106,"column":37}},"39":{"start":{"line":107,"column":12},"end":{"line":107,"column":46}},"40":{"start":{"line":109,"column":8},"end":{"line":109,"column":53}},"41":{"start":{"line":113,"column":8},"end":{"line":113,"column":54}},"42":{"start":{"line":117,"column":8},"end":{"line":117,"column":59}},"43":{"start":{"line":121,"column":8},"end":{"line":121,"column":61}},"44":{"start":{"line":125,"column":8},"end":{"line":125,"column":39}},"45":{"start":{"line":129,"column":8},"end":{"line":129,"column":37}},"46":{"start":{"line":133,"column":8},"end":{"line":133,"column":33}},"47":{"start":{"line":137,"column":8},"end":{"line":137,"column":45}},"48":{"start":{"line":141,"column":8},"end":{"line":141,"column":35}},"49":{"start":{"line":145,"column":8},"end":{"line":145,"column":4752}},"50":{"start":{"line":146,"column":12},"end":{"line":146,"column":50}},"51":{"start":{"line":147,"column":12},"end":{"line":147,"column":19}},"52":{"start":{"line":150,"column":12},"end":{"line":150,"column":77}},"53":{"start":{"line":155,"column":8},"end":{"line":155,"column":15}},"54":{"start":{"line":159,"column":8},"end":{"line":159,"column":17}},"55":{"start":{"line":163,"column":8},"end":{"line":163,"column":65}},"56":{"start":{"line":164,"column":8},"end":{"line":164,"column":62}},"57":{"start":{"line":165,"column":8},"end":{"line":165,"column":60}},"58":{"start":{"line":166,"column":8},"end":{"line":166,"column":86}},"59":{"start":{"line":167,"column":8},"end":{"line":167,"column":34}},"60":{"start":{"line":171,"column":8},"end":{"line":171,"column":5578}},"61":{"start":{"line":172,"column":12},"end":{"line":172,"column":18}},"62":{"start":{"line":174,"column":8},"end":{"line":174,"column":44}},"63":{"start":{"line":175,"column":8},"end":{"line":175,"column":5690}},"64":{"start":{"line":176,"column":12},"end":{"line":176,"column":44}},"65":{"start":{"line":177,"column":12},"end":{"line":177,"column":5804}},"66":{"start":{"line":178,"column":16},"end":{"line":178,"column":22}},"67":{"start":{"line":180,"column":12},"end":{"line":180,"column":39}},"68":{"start":{"line":183,"column":8},"end":{"line":183,"column":49}},"69":{"start":{"line":187,"column":8},"end":{"line":187,"column":52}},"70":{"start":{"line":191,"column":8},"end":{"line":191,"column":36}},"71":{"start":{"line":192,"column":8},"end":{"line":192,"column":6175}},"72":{"start":{"line":193,"column":12},"end":{"line":193,"column":53}}},"branchMap":{"1":{"line":46,"type":"if","locations":[{"start":{"line":46,"column":8},"end":{"line":46,"column":8}},{"start":{"line":46,"column":8},"end":{"line":46,"column":8}}]},"2":{"line":47,"type":"if","locations":[{"start":{"line":47,"column":8},"end":{"line":47,"column":8}},{"start":{"line":47,"column":8},"end":{"line":47,"column":8}}]},"3":{"line":56,"type":"if","locations":[{"start":{"line":56,"column":8},"end":{"line":56,"column":8}},{"start":{"line":56,"column":8},"end":{"line":56,"column":8}}]},"4":{"line":62,"type":"if","locations":[{"start":{"line":62,"column":8},"end":{"line":62,"column":8}},{"start":{"line":62,"column":8},"end":{"line":62,"column":8}}]},"5":{"line":67,"type":"if","locations":[{"start":{"line":67,"column":8},"end":{"line":67,"column":8}},{"start":{"line":67,"column":8},"end":{"line":67,"column":8}}]},"6":{"line":95,"type":"if","locations":[{"start":{"line":95,"column":8},"end":{"line":95,"column":8}},{"start":{"line":95,"column":8},"end":{"line":95,"column":8}}]},"7":{"line":96,"type":"if","locations":[{"start":{"line":96,"column":8},"end":{"line":96,"column":8}},{"start":{"line":96,"column":8},"end":{"line":96,"column":8}}]},"8":{"line":104,"type":"if","locations":[{"start":{"line":104,"column":8},"end":{"line":104,"column":8}},{"start":{"line":104,"column":8},"end":{"line":104,"column":8}}]},"9":{"line":145,"type":"if","locations":[{"start":{"line":145,"column":8},"end":{"line":145,"column":8}},{"start":{"line":145,"column":8},"end":{"line":145,"column":8}}]},"10":{"line":171,"type":"if","locations":[{"start":{"line":171,"column":8},"end":{"line":171,"column":8}},{"start":{"line":171,"column":8},"end":{"line":171,"column":8}}]},"11":{"line":175,"type":"if","locations":[{"start":{"line":175,"column":8},"end":{"line":175,"column":8}},{"start":{"line":175,"column":8},"end":{"line":175,"column":8}}]},"12":{"line":177,"type":"if","locations":[{"start":{"line":177,"column":12},"end":{"line":177,"column":12}},{"start":{"line":177,"column":12},"end":{"line":177,"column":12}}]},"13":{"line":192,"type":"if","locations":[{"start":{"line":192,"column":8},"end":{"line":192,"column":8}},{"start":{"line":192,"column":8},"end":{"line":192,"column":8}}]}}},
"contracts/Migrations.sol":{"l":{"9":0,"13":0,"17":0},"path":"/Users/sergeyvagapov/Solidity/Ultra-Swap/contracts/Migrations.sol","s":{"1":0,"2":0},"b":{"1":[0,0]},"f":{"1":0,"2":0},"fnMap":{"1":{"name":"restricted","line":8,"loc":{"start":{"line":8,"column":2},"end":{"line":14,"column":2}}},"2":{"name":"setCompleted","line":16,"loc":{"start":{"line":16,"column":2},"end":{"line":18,"column":2}}}},"statementMap":{"1":{"start":{"line":9,"column":4},"end":{"line":9,"column":201}},"2":{"start":{"line":17,"column":4},"end":{"line":17,"column":39}}},"branchMap":{"1":{"line":9,"type":"if","locations":[{"start":{"line":9,"column":4},"end":{"line":9,"column":4}},{"start":{"line":9,"column":4},"end":{"line":9,"column":4}}]}}},
"contracts/ReferralProgram.sol":{"l":{"22":2,"23":2,"29":0,"32":2,"33":2,"34":2,"35":2,"39":0,"40":0,"41":0,"42":0,"47":0,"48":0},"path":"/Users/sergeyvagapov/Solidity/Ultra-Swap/contracts/ReferralProgram.sol","s":{"1":2,"2":2,"3":0,"4":2,"5":2,"6":2,"7":2,"8":0,"9":0,"10":0,"11":0,"12":0,"13":0},"b":{"1":[2,0],"2":[2,0],"3":[0,0],"4":[0,0]},"f":{"1":2,"2":0,"3":2,"4":0,"5":0},"fnMap":{"1":{"name":"constructor","line":18,"loc":{"start":{"line":18,"column":4},"end":{"line":24,"column":4}}},"2":{"name":"setSignatureCheck","line":28,"loc":{"start":{"line":28,"column":4},"end":{"line":30,"column":4}}},"3":{"name":"register","line":31,"loc":{"start":{"line":31,"column":4},"end":{"line":36,"column":4}}},"4":{"name":"registerWithCheck","line":38,"loc":{"start":{"line":38,"column":4},"end":{"line":43,"column":4}}},"5":{"name":"registrateUser","line":46,"loc":{"start":{"line":46,"column":4},"end":{"line":49,"column":4}}}},"statementMap":{"1":{"start":{"line":22,"column":8},"end":{"line":22,"column":39}},"2":{"start":{"line":23,"column":8},"end":{"line":23,"column":39}},"3":{"start":{"line":29,"column":8},"end":{"line":29,"column":31}},"4":{"start":{"line":32,"column":8},"end":{"line":32,"column":53}},"5":{"start":{"line":33,"column":8},"end":{"line":33,"column":70}},"6":{"start":{"line":34,"column":8},"end":{"line":34,"column":41}},"7":{"start":{"line":35,"column":8},"end":{"line":35,"column":44}},"8":{"start":{"line":39,"column":8},"end":{"line":39,"column":56}},"9":{"start":{"line":40,"column":8},"end":{"line":40,"column":139}},"10":{"start":{"line":41,"column":8},"end":{"line":41,"column":41}},"11":{"start":{"line":42,"column":8},"end":{"line":42,"column":44}},"12":{"start":{"line":47,"column":8},"end":{"line":47,"column":34}},"13":{"start":{"line":48,"column":8},"end":{"line":48,"column":37}}},"branchMap":{"1":{"line":32,"type":"if","locations":[{"start":{"line":32,"column":8},"end":{"line":32,"column":8}},{"start":{"line":32,"column":8},"end":{"line":32,"column":8}}]},"2":{"line":33,"type":"if","locations":[{"start":{"line":33,"column":8},"end":{"line":33,"column":8}},{"start":{"line":33,"column":8},"end":{"line":33,"column":8}}]},"3":{"line":39,"type":"if","locations":[{"start":{"line":39,"column":8},"end":{"line":39,"column":8}},{"start":{"line":39,"column":8},"end":{"line":39,"column":8}}]},"4":{"line":40,"type":"if","locations":[{"start":{"line":40,"column":8},"end":{"line":40,"column":8}},{"start":{"line":40,"column":8},"end":{"line":40,"column":8}}]}}},
"contracts/Staking.sol":{"l":{"59":0,"60":0,"61":0,"62":0,"63":0,"64":0,"65":0,"66":0,"76":0,"83":0,"92":0,"93":0,"94":0,"95":0,"96":0,"97":0,"98":0,"99":0,"101":0,"112":0,"113":0,"114":0,"115":0,"117":0,"118":0,"119":0,"120":0,"138":0,"139":0,"141":0,"145":0,"146":0,"151":0,"152":0,"163":0,"164":0,"166":0,"167":0,"176":0,"177":0,"185":0,"186":0,"194":0,"202":0,"210":0,"218":0,"226":0,"227":0,"228":0,"229":0,"230":0,"238":0,"239":0,"248":0,"249":0,"250":0,"251":0,"252":0,"253":0,"254":0,"256":0,"257":0,"258":0,"259":0,"260":0,"261":0,"270":0,"271":0,"272":0,"273":0,"274":0,"275":0,"276":0,"277":0,"278":0,"279":0,"280":0,"281":0,"282":0,"290":0,"291":0,"292":0,"293":0,"294":0,"295":0,"296":0,"303":0,"304":0,"305":0,"306":0,"313":0,"314":0,"315":0,"324":0,"325":0,"326":0,"328":0,"329":0,"330":0,"331":0,"333":0,"334":0,"335":0,"336":0,"340":0,"341":0,"342":0,"344":0,"345":0,"346":0,"347":0,"349":0,"350":0,"351":0,"352":0,"353":0,"355":0,"356":0,"357":0},"path":"/Users/sergeyvagapov/Solidity/Ultra-Swap/contracts/Staking.sol","s":{"1":0,"2":0,"3":0,"4":0,"5":0,"6":0,"7":0,"8":0,"9":0,"10":0,"11":0,"12":0,"13":0,"14":0,"15":0,"16":0,"17":0,"18":0,"19":0,"20":0,"21":0,"22":0,"23":0,"24":0,"25":0,"26":0,"27":0,"28":0,"29":0,"30":0,"31":0,"32":0,"33":0,"34":0,"35":0,"36":0,"37":0,"38":0,"39":0,"40":0,"41":0,"42":0,"43":0,"44":0,"45":0,"46":0,"47":0,"48":0,"49":0,"50":0,"51":0,"52":0,"53":0,"54":0,"55":0,"56":0,"57":0,"58":0,"59":0,"60":0,"61":0,"62":0,"63":0,"64":0,"65":0,"66":0,"67":0,"68":0,"69":0,"70":0,"71":0,"72":0,"73":0,"74":0,"75":0,"76":0,"77":0,"78":0,"79":0,"80":0,"81":0,"82":0,"83":0,"84":0,"85":0,"86":0,"87":0,"88":0,"89":0,"90":0,"91":0,"92":0,"93":0,"94":0,"95":0,"96":0,"97":0,"98":0,"99":0,"100":0,"101":0,"102":0,"103":0,"104":0,"105":0,"106":0,"107":0,"108":0,"109":0,"110":0,"111":0,"112":0,"113":0,"114":0,"115":0,"116":0,"117":0,"118":0,"119":0},"b":{"1":[0,0],"2":[0,0],"3":[0,0],"4":[0,0],"5":[0,0],"6":[0,0],"7":[0,0],"8":[0,0],"9":[0,0],"10":[0,0],"11":[0,0],"12":[0,0],"13":[0,0],"14":[0,0],"15":[0,0],"16":[0,0],"17":[0,0],"18":[0,0],"19":[0,0],"20":[0,0],"21":[0,0],"22":[0,0],"23":[0,0]},"f":{"1":0,"2":0,"3":0,"4":0,"5":0,"6":0,"7":0,"8":0,"9":0,"10":0,"11":0,"12":0,"13":0,"14":0,"15":0,"16":0,"17":0,"18":0,"19":0,"20":0,"21":0,"22":0,"23":0},"fnMap":{"1":{"name":"constructor","line":58,"loc":{"start":{"line":58,"column":4},"end":{"line":77,"column":4}}},"2":{"name":"poolLength","line":82,"loc":{"start":{"line":82,"column":4},"end":{"line":84,"column":4}}},"3":{"name":"pendingReward","line":91,"loc":{"start":{"line":91,"column":4},"end":{"line":102,"column":4}}},"4":{"name":"addPool","line":111,"loc":{"start":{"line":111,"column":4},"end":{"line":130,"column":4}}},"5":{"name":"setRewardPerSecond","line":137,"loc":{"start":{"line":137,"column":4},"end":{"line":142,"column":4}}},"6":{"name":"excludeFromFee","line":144,"loc":{"start":{"line":144,"column":4},"end":{"line":148,"column":4}}},"7":{"name":"includeInFee","line":150,"loc":{"start":{"line":150,"column":4},"end":{"line":154,"column":4}}},"8":{"name":"setPoolAllocPoint","line":162,"loc":{"start":{"line":162,"column":4},"end":{"line":168,"column":4}}},"9":{"name":"setPoolFeePercentage","line":175,"loc":{"start":{"line":175,"column":4},"end":{"line":178,"column":4}}},"10":{"name":"setBurnAddress","line":184,"loc":{"start":{"line":184,"column":4},"end":{"line":187,"column":4}}},"11":{"name":"setReferralProgram","line":193,"loc":{"start":{"line":193,"column":4},"end":{"line":195,"column":4}}},"12":{"name":"setReferralOwnerWithdrawAwait","line":201,"loc":{"start":{"line":201,"column":4},"end":{"line":203,"column":4}}},"13":{"name":"setReferralPercent","line":209,"loc":{"start":{"line":209,"column":4},"end":{"line":211,"column":4}}},"14":{"name":"setMinReferralReward","line":217,"loc":{"start":{"line":217,"column":4},"end":{"line":219,"column":4}}},"15":{"name":"getReferralRewardFor","line":225,"loc":{"start":{"line":225,"column":4},"end":{"line":232,"column":4}}},"16":{"name":"getFees","line":237,"loc":{"start":{"line":237,"column":4},"end":{"line":240,"column":4}}},"17":{"name":"deposit","line":247,"loc":{"start":{"line":247,"column":4},"end":{"line":262,"column":4}}},"18":{"name":"withdraw","line":269,"loc":{"start":{"line":269,"column":4},"end":{"line":283,"column":4}}},"19":{"name":"emergencyWithdraw","line":289,"loc":{"start":{"line":289,"column":4},"end":{"line":297,"column":4}}},"20":{"name":"getReferralReward","line":302,"loc":{"start":{"line":302,"column":4},"end":{"line":307,"column":4}}},"21":{"name":"massUpdatePools","line":312,"loc":{"start":{"line":312,"column":4},"end":{"line":317,"column":4}}},"22":{"name":"updatePool","line":323,"loc":{"start":{"line":323,"column":4},"end":{"line":337,"column":4}}},"23":{"name":"_giveRewards","line":339,"loc":{"start":{"line":339,"column":4},"end":{"line":359,"column":4}}}},"statementMap":{"1":{"start":{"line":59,"column":8},"end":{"line":59,"column":90}},"2":{"start":{"line":60,"column":8},"end":{"line":60,"column":69}},"3":{"start":{"line":61,"column":8},"end":{"line":61,"column":34}},"4":{"start":{"line":62,"column":8},"end":{"line":62,"column":41}},"5":{"start":{"line":63,"column":8},"end":{"line":63,"column":41}},"6":{"start":{"line":64,"column":8},"end":{"line":64,"column":29}},"7":{"start":{"line":65,"column":8},"end":{"line":65,"column":45}},"8":{"start":{"line":66,"column":8},"end":{"line":66,"column":2316}},"9":{"start":{"line":76,"column":8},"end":{"line":76,"column":33}},"10":{"start":{"line":83,"column":8},"end":{"line":83,"column":30}},"11":{"start":{"line":92,"column":8},"end":{"line":92,"column":46}},"12":{"start":{"line":93,"column":8},"end":{"line":93,"column":53}},"13":{"start":{"line":94,"column":8},"end":{"line":94,"column":58}},"14":{"start":{"line":95,"column":8},"end":{"line":95,"column":41}},"15":{"start":{"line":96,"column":8},"end":{"line":96,"column":3294}},"16":{"start":{"line":97,"column":12},"end":{"line":97,"column":70}},"17":{"start":{"line":98,"column":12},"end":{"line":98,"column":95}},"18":{"start":{"line":99,"column":12},"end":{"line":99,"column":56}},"19":{"start":{"line":101,"column":8},"end":{"line":101,"column":75}},"20":{"start":{"line":112,"column":8},"end":{"line":112,"column":93}},"21":{"start":{"line":113,"column":8},"end":{"line":113,"column":81}},"22":{"start":{"line":114,"column":8},"end":{"line":114,"column":4209}},"23":{"start":{"line":115,"column":12},"end":{"line":115,"column":28}},"24":{"start":{"line":117,"column":8},"end":{"line":117,"column":90}},"25":{"start":{"line":118,"column":8},"end":{"line":118,"column":54}},"26":{"start":{"line":119,"column":8},"end":{"line":119,"column":39}},"27":{"start":{"line":120,"column":8},"end":{"line":120,"column":4468}},"28":{"start":{"line":138,"column":8},"end":{"line":138,"column":5046}},"29":{"start":{"line":139,"column":12},"end":{"line":139,"column":28}},"30":{"start":{"line":141,"column":8},"end":{"line":141,"column":41}},"31":{"start":{"line":145,"column":8},"end":{"line":145,"column":5243}},"32":{"start":{"line":146,"column":12},"end":{"line":146,"column":46}},"33":{"start":{"line":151,"column":8},"end":{"line":151,"column":5437}},"34":{"start":{"line":152,"column":12},"end":{"line":152,"column":47}},"35":{"start":{"line":163,"column":8},"end":{"line":163,"column":5843}},"36":{"start":{"line":164,"column":12},"end":{"line":164,"column":28}},"37":{"start":{"line":166,"column":8},"end":{"line":166,"column":84}},"38":{"start":{"line":167,"column":8},"end":{"line":167,"column":46}},"39":{"start":{"line":176,"column":8},"end":{"line":176,"column":81}},"40":{"start":{"line":177,"column":8},"end":{"line":177,"column":52}},"41":{"start":{"line":185,"column":8},"end":{"line":185,"column":69}},"42":{"start":{"line":186,"column":8},"end":{"line":186,"column":33}},"43":{"start":{"line":194,"column":8},"end":{"line":194,"column":41}},"44":{"start":{"line":202,"column":8},"end":{"line":202,"column":63}},"45":{"start":{"line":210,"column":8},"end":{"line":210,"column":41}},"46":{"start":{"line":218,"column":8},"end":{"line":218,"column":45}},"47":{"start":{"line":226,"column":8},"end":{"line":226,"column":117}},"48":{"start":{"line":227,"column":8},"end":{"line":227,"column":67}},"49":{"start":{"line":228,"column":8},"end":{"line":228,"column":38}},"50":{"start":{"line":229,"column":8},"end":{"line":229,"column":8277}},"51":{"start":{"line":230,"column":12},"end":{"line":230,"column":56}},"52":{"start":{"line":238,"column":8},"end":{"line":238,"column":53}},"53":{"start":{"line":239,"column":8},"end":{"line":239,"column":24}},"54":{"start":{"line":248,"column":8},"end":{"line":248,"column":50}},"55":{"start":{"line":249,"column":8},"end":{"line":249,"column":46}},"56":{"start":{"line":250,"column":8},"end":{"line":250,"column":60}},"57":{"start":{"line":251,"column":8},"end":{"line":251,"column":23}},"58":{"start":{"line":252,"column":8},"end":{"line":252,"column":8983}},"59":{"start":{"line":253,"column":12},"end":{"line":253,"column":95}},"60":{"start":{"line":254,"column":12},"end":{"line":254,"column":52}},"61":{"start":{"line":256,"column":8},"end":{"line":256,"column":72}},"62":{"start":{"line":257,"column":8},"end":{"line":257,"column":81}},"63":{"start":{"line":258,"column":8},"end":{"line":258,"column":31}},"64":{"start":{"line":259,"column":8},"end":{"line":259,"column":34}},"65":{"start":{"line":260,"column":8},"end":{"line":260,"column":72}},"66":{"start":{"line":261,"column":8},"end":{"line":261,"column":49}},"67":{"start":{"line":270,"column":8},"end":{"line":270,"column":46}},"68":{"start":{"line":271,"column":8},"end":{"line":271,"column":60}},"69":{"start":{"line":272,"column":8},"end":{"line":272,"column":67}},"70":{"start":{"line":273,"column":8},"end":{"line":273,"column":111}},"71":{"start":{"line":274,"column":8},"end":{"line":274,"column":23}},"72":{"start":{"line":275,"column":8},"end":{"line":275,"column":93}},"73":{"start":{"line":276,"column":8},"end":{"line":276,"column":48}},"74":{"start":{"line":277,"column":8},"end":{"line":277,"column":81}},"75":{"start":{"line":278,"column":8},"end":{"line":278,"column":29}},"76":{"start":{"line":279,"column":8},"end":{"line":279,"column":34}},"77":{"start":{"line":280,"column":8},"end":{"line":280,"column":72}},"78":{"start":{"line":281,"column":8},"end":{"line":281,"column":53}},"79":{"start":{"line":282,"column":8},"end":{"line":282,"column":50}},"80":{"start":{"line":290,"column":8},"end":{"line":290,"column":46}},"81":{"start":{"line":291,"column":8},"end":{"line":291,"column":60}},"82":{"start":{"line":292,"column":8},"end":{"line":292,"column":57}},"83":{"start":{"line":293,"column":8},"end":{"line":293,"column":38}},"84":{"start":{"line":294,"column":8},"end":{"line":294,"column":22}},"85":{"start":{"line":295,"column":8},"end":{"line":295,"column":26}},"86":{"start":{"line":296,"column":8},"end":{"line":296,"column":63}},"87":{"start":{"line":303,"column":8},"end":{"line":303,"column":109}},"88":{"start":{"line":304,"column":8},"end":{"line":304,"column":72}},"89":{"start":{"line":305,"column":8},"end":{"line":305,"column":43}},"90":{"start":{"line":306,"column":8},"end":{"line":306,"column":57}},"91":{"start":{"line":313,"column":8},"end":{"line":313,"column":40}},"92":{"start":{"line":314,"column":8},"end":{"line":314,"column":11779}},"93":{"start":{"line":315,"column":12},"end":{"line":315,"column":26}},"94":{"start":{"line":324,"column":8},"end":{"line":324,"column":46}},"95":{"start":{"line":325,"column":8},"end":{"line":325,"column":12065}},"96":{"start":{"line":326,"column":12},"end":{"line":326,"column":18}},"97":{"start":{"line":328,"column":8},"end":{"line":328,"column":41}},"98":{"start":{"line":329,"column":8},"end":{"line":329,"column":12192}},"99":{"start":{"line":330,"column":12},"end":{"line":330,"column":48}},"100":{"start":{"line":331,"column":12},"end":{"line":331,"column":18}},"101":{"start":{"line":333,"column":8},"end":{"line":333,"column":66}},"102":{"start":{"line":334,"column":8},"end":{"line":334,"column":91}},"103":{"start":{"line":335,"column":8},"end":{"line":335,"column":57}},"104":{"start":{"line":336,"column":8},"end":{"line":336,"column":44}},"105":{"start":{"line":340,"column":8},"end":{"line":340,"column":12656}},"106":{"start":{"line":341,"column":12},"end":{"line":341,"column":56}},"107":{"start":{"line":342,"column":12},"end":{"line":342,"column":18}},"108":{"start":{"line":344,"column":8},"end":{"line":344,"column":102}},"109":{"start":{"line":345,"column":8},"end":{"line":345,"column":31}},"110":{"start":{"line":346,"column":8},"end":{"line":346,"column":12927}},"111":{"start":{"line":347,"column":12},"end":{"line":347,"column":47}},"112":{"start":{"line":349,"column":8},"end":{"line":349,"column":35}},"113":{"start":{"line":350,"column":8},"end":{"line":350,"column":66}},"114":{"start":{"line":351,"column":8},"end":{"line":351,"column":86}},"115":{"start":{"line":352,"column":8},"end":{"line":352,"column":13206}},"116":{"start":{"line":353,"column":12},"end":{"line":353,"column":99}},"117":{"start":{"line":355,"column":8},"end":{"line":355,"column":27}},"118":{"start":{"line":356,"column":8},"end":{"line":356,"column":13423}},"119":{"start":{"line":357,"column":12},"end":{"line":357,"column":56}}},"branchMap":{"1":{"line":59,"type":"if","locations":[{"start":{"line":59,"column":8},"end":{"line":59,"column":8}},{"start":{"line":59,"column":8},"end":{"line":59,"column":8}}]},"2":{"line":60,"type":"if","locations":[{"start":{"line":60,"column":8},"end":{"line":60,"column":8}},{"start":{"line":60,"column":8},"end":{"line":60,"column":8}}]},"3":{"line":96,"type":"if","locations":[{"start":{"line":96,"column":8},"end":{"line":96,"column":8}},{"start":{"line":96,"column":8},"end":{"line":96,"column":8}}]},"4":{"line":112,"type":"if","locations":[{"start":{"line":112,"column":8},"end":{"line":112,"column":8}},{"start":{"line":112,"column":8},"end":{"line":112,"column":8}}]},"5":{"line":113,"type":"if","locations":[{"start":{"line":113,"column":8},"end":{"line":113,"column":8}},{"start":{"line":113,"column":8},"end":{"line":113,"column":8}}]},"6":{"line":114,"type":"if","locations":[{"start":{"line":114,"column":8},"end":{"line":114,"column":8}},{"start":{"line":114,"column":8},"end":{"line":114,"column":8}}]},"7":{"line":138,"type":"if","locations":[{"start":{"line":138,"column":8},"end":{"line":138,"column":8}},{"start":{"line":138,"column":8},"end":{"line":138,"column":8}}]},"8":{"line":163,"type":"if","locations":[{"start":{"line":163,"column":8},"end":{"line":163,"column":8}},{"start":{"line":163,"column":8},"end":{"line":163,"column":8}}]},"9":{"line":176,"type":"if","locations":[{"start":{"line":176,"column":8},"end":{"line":176,"column":8}},{"start":{"line":176,"column":8},"end":{"line":176,"column":8}}]},"10":{"line":185,"type":"if","locations":[{"start":{"line":185,"column":8},"end":{"line":185,"column":8}},{"start":{"line":185,"column":8},"end":{"line":185,"column":8}}]},"11":{"line":226,"type":"if","locations":[{"start":{"line":226,"column":8},"end":{"line":226,"column":8}},{"start":{"line":226,"column":8},"end":{"line":226,"column":8}}]},"12":{"line":229,"type":"if","locations":[{"start":{"line":229,"column":8},"end":{"line":229,"column":8}},{"start":{"line":229,"column":8},"end":{"line":229,"column":8}}]},"13":{"line":248,"type":"if","locations":[{"start":{"line":248,"column":8},"end":{"line":248,"column":8}},{"start":{"line":248,"column":8},"end":{"line":248,"column":8}}]},"14":{"line":252,"type":"if","locations":[{"start":{"line":252,"column":8},"end":{"line":252,"column":8}},{"start":{"line":252,"column":8},"end":{"line":252,"column":8}}]},"15":{"line":272,"type":"if","locations":[{"start":{"line":272,"column":8},"end":{"line":272,"column":8}},{"start":{"line":272,"column":8},"end":{"line":272,"column":8}}]},"16":{"line":273,"type":"if","locations":[{"start":{"line":273,"column":8},"end":{"line":273,"column":8}},{"start":{"line":273,"column":8},"end":{"line":273,"column":8}}]},"17":{"line":303,"type":"if","locations":[{"start":{"line":303,"column":8},"end":{"line":303,"column":8}},{"start":{"line":303,"column":8},"end":{"line":303,"column":8}}]},"18":{"line":325,"type":"if","locations":[{"start":{"line":325,"column":8},"end":{"line":325,"column":8}},{"start":{"line":325,"column":8},"end":{"line":325,"column":8}}]},"19":{"line":329,"type":"if","locations":[{"start":{"line":329,"column":8},"end":{"line":329,"column":8}},{"start":{"line":329,"column":8},"end":{"line":329,"column":8}}]},"20":{"line":340,"type":"if","locations":[{"start":{"line":340,"column":8},"end":{"line":340,"column":8}},{"start":{"line":340,"column":8},"end":{"line":340,"column":8}}]},"21":{"line":346,"type":"if","locations":[{"start":{"line":346,"column":8},"end":{"line":346,"column":8}},{"start":{"line":346,"column":8},"end":{"line":346,"column":8}}]},"22":{"line":352,"type":"if","locations":[{"start":{"line":352,"column":8},"end":{"line":352,"column":8}},{"start":{"line":352,"column":8},"end":{"line":352,"column":8}}]},"23":{"line":356,"type":"if","locations":[{"start":{"line":356,"column":8},"end":{"line":356,"column":8}},{"start":{"line":356,"column":8},"end":{"line":356,"column":8}}]}}},
"contracts/StakingV2.sol":{"l":{"82":2,"83":2,"84":2,"85":2,"86":2,"87":2,"88":2,"90":2,"99":2,"100":2,"105":1,"110":18,"111":18,"113":18,"114":13,"115":13,"116":13,"117":10,"118":10,"119":10,"121":13,"127":1,"128":1,"129":1,"130":1,"132":1,"133":1,"134":1,"135":1,"144":1,"153":1,"154":1,"156":1,"160":0,"161":0,"166":0,"167":0,"178":0,"179":0,"181":0,"182":0,"191":0,"192":0,"200":0,"201":0,"209":0,"217":2,"225":2,"233":3,"241":0,"242":0,"243":0,"244":0,"245":0,"253":0,"254":0,"260":2,"261":2,"262":2,"267":15,"268":15,"269":1,"271":14,"272":14,"273":14,"274":14,"275":14,"276":14,"277":14,"279":14,"280":14,"285":3,"286":3,"287":3,"290":3,"291":3,"292":3,"293":3,"297":3,"303":2,"304":2,"307":2,"310":2,"311":2,"315":2,"321":8,"322":8,"323":8,"324":8,"325":8,"326":8,"327":8,"328":8,"329":8,"330":8,"334":8,"335":4,"336":4,"339":4,"340":4,"349":0,"350":0,"351":0,"353":0,"354":0,"355":0,"363":3,"364":1,"365":1,"366":1,"370":4,"371":4,"372":4,"373":0,"374":0,"376":4,"377":4,"378":4,"379":4,"381":4,"382":4,"383":4,"384":4,"385":1,"387":4,"388":4,"389":4},"path":"/Users/sergeyvagapov/Solidity/Ultra-Swap/contracts/StakingV2.sol","s":{"1":2,"2":2,"3":2,"4":2,"5":2,"6":2,"7":2,"8":2,"9":2,"10":2,"11":1,"12":18,"13":18,"14":18,"15":5,"16":13,"17":13,"18":13,"19":10,"20":10,"21":10,"22":13,"23":1,"24":1,"25":1,"26":1,"27":1,"28":1,"29":1,"30":1,"31":1,"32":1,"33":1,"34":1,"35":0,"36":0,"37":0,"38":0,"39":0,"40":0,"41":0,"42":0,"43":0,"44":0,"45":0,"46":0,"47":0,"48":2,"49":2,"50":3,"51":0,"52":0,"53":0,"54":0,"55":0,"56":0,"57":0,"58":2,"59":2,"60":2,"61":15,"62":15,"63":1,"64":14,"65":14,"66":14,"67":14,"68":14,"69":14,"70":14,"71":14,"72":14,"73":3,"74":3,"75":3,"76":3,"77":3,"78":3,"79":3,"80":3,"81":2,"82":2,"83":2,"84":2,"85":2,"86":2,"87":8,"88":8,"89":8,"90":8,"91":8,"92":8,"93":8,"94":8,"95":8,"96":8,"97":8,"98":4,"99":4,"100":4,"101":4,"102":0,"103":0,"104":0,"105":0,"106":0,"107":0,"108":3,"109":1,"110":1,"111":1,"112":4,"113":4,"114":4,"115":0,"116":0,"117":4,"118":4,"119":4,"120":4,"121":4,"122":4,"123":4,"124":4,"125":1,"126":4,"127":4,"128":4},"b":{"1":[2,0],"2":[2,0],"3":[5,13],"4":[10,3],"5":[1,0],"6":[1,0],"7":[1,0],"8":[1,0],"9":[0,0],"10":[0,0],"11":[0,0],"12":[0,0],"13":[0,0],"14":[1,14],"15":[14,0],"16":[14,0],"17":[3,0],"18":[4,4],"19":[4,0],"20":[1,2],"21":[0,4],"22":[4,0],"23":[1,3],"24":[4,0]},"f":{"1":2,"2":1,"3":18,"4":1,"5":1,"6":0,"7":0,"8":0,"9":0,"10":0,"11":0,"12":2,"13":2,"14":3,"15":0,"16":0,"17":2,"18":15,"19":3,"20":2,"21":8,"22":0,"23":3,"24":4},"fnMap":{"1":{"name":"constructor","line":73,"loc":{"start":{"line":73,"column":4},"end":{"line":102,"column":4}}},"2":{"name":"poolLength","line":104,"loc":{"start":{"line":104,"column":4},"end":{"line":106,"column":4}}},"3":{"name":"pendingReward","line":109,"loc":{"start":{"line":109,"column":4},"end":{"line":122,"column":4}}},"4":{"name":"addPool","line":126,"loc":{"start":{"line":126,"column":4},"end":{"line":145,"column":4}}},"5":{"name":"setRewardPerSecond","line":152,"loc":{"start":{"line":152,"column":4},"end":{"line":157,"column":4}}},"6":{"name":"excludeFromFee","line":159,"loc":{"start":{"line":159,"column":4},"end":{"line":163,"column":4}}},"7":{"name":"includeInFee","line":165,"loc":{"start":{"line":165,"column":4},"end":{"line":169,"column":4}}},"8":{"name":"setPoolAllocPoint","line":177,"loc":{"start":{"line":177,"column":4},"end":{"line":183,"column":4}}},"9":{"name":"setPoolFeePercentage","line":190,"loc":{"start":{"line":190,"column":4},"end":{"line":193,"column":4}}},"10":{"name":"setBurnAddress","line":199,"loc":{"start":{"line":199,"column":4},"end":{"line":202,"column":4}}},"11":{"name":"setReferralProgram","line":208,"loc":{"start":{"line":208,"column":4},"end":{"line":210,"column":4}}},"12":{"name":"setReferralOwnerWithdrawAwait","line":216,"loc":{"start":{"line":216,"column":4},"end":{"line":218,"column":4}}},"13":{"name":"setReferralPercent","line":224,"loc":{"start":{"line":224,"column":4},"end":{"line":226,"column":4}}},"14":{"name":"setMinReferralReward","line":232,"loc":{"start":{"line":232,"column":4},"end":{"line":234,"column":4}}},"15":{"name":"getReferralRewardFor","line":240,"loc":{"start":{"line":240,"column":4},"end":{"line":247,"column":4}}},"16":{"name":"getFees","line":252,"loc":{"start":{"line":252,"column":4},"end":{"line":255,"column":4}}},"17":{"name":"massUpdatePools","line":259,"loc":{"start":{"line":259,"column":4},"end":{"line":264,"column":4}}},"18":{"name":"updatePool","line":266,"loc":{"start":{"line":266,"column":4},"end":{"line":282,"column":4}}},"19":{"name":"deposit","line":284,"loc":{"start":{"line":284,"column":4},"end":{"line":300,"column":4}}},"20":{"name":"withdraw","line":302,"loc":{"start":{"line":302,"column":4},"end":{"line":318,"column":4}}},"21":{"name":"harvest","line":320,"loc":{"start":{"line":320,"column":4},"end":{"line":345,"column":4}}},"22":{"name":"emergencyWithdraw","line":348,"loc":{"start":{"line":348,"column":4},"end":{"line":357,"column":4}}},"23":{"name":"getReferralReward","line":362,"loc":{"start":{"line":362,"column":4},"end":{"line":367,"column":4}}},"24":{"name":"_giveRewards","line":369,"loc":{"start":{"line":369,"column":4},"end":{"line":391,"column":4}}}},"statementMap":{"1":{"start":{"line":82,"column":8},"end":{"line":82,"column":90}},"2":{"start":{"line":83,"column":8},"end":{"line":83,"column":69}},"3":{"start":{"line":84,"column":8},"end":{"line":84,"column":33}},"4":{"start":{"line":85,"column":8},"end":{"line":85,"column":41}},"5":{"start":{"line":86,"column":8},"end":{"line":86,"column":41}},"6":{"start":{"line":87,"column":8},"end":{"line":87,"column":29}},"7":{"start":{"line":88,"column":8},"end":{"line":88,"column":45}},"8":{"start":{"line":90,"column":8},"end":{"line":90,"column":3161}},"9":{"start":{"line":99,"column":8},"end":{"line":99,"column":36}},"10":{"start":{"line":100,"column":8},"end":{"line":100,"column":33}},"11":{"start":{"line":105,"column":8},"end":{"line":105,"column":30}},"12":{"start":{"line":110,"column":8},"end":{"line":110,"column":45}},"13":{"start":{"line":111,"column":8},"end":{"line":111,"column":53}},"14":{"start":{"line":113,"column":8},"end":{"line":113,"column":94}},"15":{"start":{"line":113,"column":86},"end":{"line":113,"column":94}},"16":{"start":{"line":114,"column":8},"end":{"line":114,"column":57}},"17":{"start":{"line":115,"column":8},"end":{"line":115,"column":41}},"18":{"start":{"line":116,"column":8},"end":{"line":116,"column":4198}},"19":{"start":{"line":117,"column":12},"end":{"line":117,"column":70}},"20":{"start":{"line":118,"column":12},"end":{"line":118,"column":95}},"21":{"start":{"line":119,"column":12},"end":{"line":119,"column":85}},"22":{"start":{"line":121,"column":8},"end":{"line":121,"column":110}},"23":{"start":{"line":127,"column":8},"end":{"line":127,"column":92}},"24":{"start":{"line":128,"column":8},"end":{"line":128,"column":81}},"25":{"start":{"line":129,"column":8},"end":{"line":129,"column":5123}},"26":{"start":{"line":130,"column":12},"end":{"line":130,"column":28}},"27":{"start":{"line":132,"column":8},"end":{"line":132,"column":90}},"28":{"start":{"line":133,"column":8},"end":{"line":133,"column":54}},"29":{"start":{"line":134,"column":8},"end":{"line":134,"column":39}},"30":{"start":{"line":135,"column":8},"end":{"line":135,"column":5382}},"31":{"start":{"line":144,"column":8},"end":{"line":144,"column":38}},"32":{"start":{"line":153,"column":8},"end":{"line":153,"column":5979}},"33":{"start":{"line":154,"column":12},"end":{"line":154,"column":28}},"34":{"start":{"line":156,"column":8},"end":{"line":156,"column":41}},"35":{"start":{"line":160,"column":8},"end":{"line":160,"column":6176}},"36":{"start":{"line":161,"column":12},"end":{"line":161,"column":46}},"37":{"start":{"line":166,"column":8},"end":{"line":166,"column":6370}},"38":{"start":{"line":167,"column":12},"end":{"line":167,"column":47}},"39":{"start":{"line":178,"column":8},"end":{"line":178,"column":6780}},"40":{"start":{"line":179,"column":12},"end":{"line":179,"column":28}},"41":{"start":{"line":181,"column":8},"end":{"line":181,"column":84}},"42":{"start":{"line":182,"column":8},"end":{"line":182,"column":54}},"43":{"start":{"line":191,"column":8},"end":{"line":191,"column":81}},"44":{"start":{"line":192,"column":8},"end":{"line":192,"column":52}},"45":{"start":{"line":200,"column":8},"end":{"line":200,"column":69}},"46":{"start":{"line":201,"column":8},"end":{"line":201,"column":33}},"47":{"start":{"line":209,"column":8},"end":{"line":209,"column":41}},"48":{"start":{"line":217,"column":8},"end":{"line":217,"column":63}},"49":{"start":{"line":225,"column":8},"end":{"line":225,"column":41}},"50":{"start":{"line":233,"column":8},"end":{"line":233,"column":45}},"51":{"start":{"line":241,"column":8},"end":{"line":241,"column":117}},"52":{"start":{"line":242,"column":8},"end":{"line":242,"column":66}},"53":{"start":{"line":243,"column":8},"end":{"line":243,"column":38}},"54":{"start":{"line":244,"column":8},"end":{"line":244,"column":9221}},"55":{"start":{"line":245,"column":12},"end":{"line":245,"column":56}},"56":{"start":{"line":253,"column":8},"end":{"line":253,"column":60}},"57":{"start":{"line":254,"column":8},"end":{"line":254,"column":24}},"58":{"start":{"line":260,"column":8},"end":{"line":260,"column":40}},"59":{"start":{"line":261,"column":8},"end":{"line":261,"column":9690}},"60":{"start":{"line":262,"column":12},"end":{"line":262,"column":26}},"61":{"start":{"line":267,"column":8},"end":{"line":267,"column":27}},"62":{"start":{"line":268,"column":8},"end":{"line":268,"column":9896}},"63":{"start":{"line":269,"column":12},"end":{"line":269,"column":23}},"64":{"start":{"line":271,"column":8},"end":{"line":271,"column":77}},"65":{"start":{"line":272,"column":8},"end":{"line":272,"column":10064}},"66":{"start":{"line":273,"column":12},"end":{"line":273,"column":47}},"67":{"start":{"line":274,"column":12},"end":{"line":274,"column":10162}},"68":{"start":{"line":275,"column":16},"end":{"line":275,"column":113}},"69":{"start":{"line":276,"column":16},"end":{"line":276,"column":59}},"70":{"start":{"line":277,"column":16},"end":{"line":277,"column":94}},"71":{"start":{"line":279,"column":12},"end":{"line":279,"column":56}},"72":{"start":{"line":280,"column":12},"end":{"line":280,"column":31}},"73":{"start":{"line":285,"column":8},"end":{"line":285,"column":49}},"74":{"start":{"line":286,"column":8},"end":{"line":286,"column":46}},"75":{"start":{"line":287,"column":8},"end":{"line":287,"column":49}},"76":{"start":{"line":290,"column":8},"end":{"line":290,"column":28}},"77":{"start":{"line":291,"column":8},"end":{"line":291,"column":87}},"78":{"start":{"line":292,"column":8},"end":{"line":292,"column":81}},"79":{"start":{"line":293,"column":8},"end":{"line":293,"column":42}},"80":{"start":{"line":297,"column":8},"end":{"line":297,"column":74}},"81":{"start":{"line":303,"column":8},"end":{"line":303,"column":46}},"82":{"start":{"line":304,"column":8},"end":{"line":304,"column":49}},"83":{"start":{"line":307,"column":8},"end":{"line":307,"column":87}},"84":{"start":{"line":310,"column":8},"end":{"line":310,"column":28}},"85":{"start":{"line":311,"column":8},"end":{"line":311,"column":42}},"86":{"start":{"line":315,"column":8},"end":{"line":315,"column":47}},"87":{"start":{"line":321,"column":8},"end":{"line":321,"column":46}},"88":{"start":{"line":322,"column":8},"end":{"line":322,"column":57}},"89":{"start":{"line":323,"column":8},"end":{"line":323,"column":101}},"90":{"start":{"line":324,"column":8},"end":{"line":324,"column":77}},"91":{"start":{"line":325,"column":8},"end":{"line":325,"column":64}},"92":{"start":{"line":326,"column":8},"end":{"line":326,"column":75}},"93":{"start":{"line":327,"column":8},"end":{"line":327,"column":79}},"94":{"start":{"line":328,"column":8},"end":{"line":328,"column":58}},"95":{"start":{"line":329,"column":8},"end":{"line":329,"column":80}},"96":{"start":{"line":330,"column":8},"end":{"line":330,"column":74}},"97":{"start":{"line":334,"column":8},"end":{"line":334,"column":110}},"98":{"start":{"line":335,"column":8},"end":{"line":335,"column":12985}},"99":{"start":{"line":336,"column":12},"end":{"line":336,"column":59}},"100":{"start":{"line":339,"column":8},"end":{"line":339,"column":42}},"101":{"start":{"line":340,"column":8},"end":{"line":340,"column":81}},"102":{"start":{"line":349,"column":8},"end":{"line":349,"column":46}},"103":{"start":{"line":350,"column":8},"end":{"line":350,"column":58}},"104":{"start":{"line":351,"column":8},"end":{"line":351,"column":70}},"105":{"start":{"line":353,"column":8},"end":{"line":353,"column":22}},"106":{"start":{"line":354,"column":8},"end":{"line":354,"column":26}},"107":{"start":{"line":355,"column":8},"end":{"line":355,"column":38}},"108":{"start":{"line":363,"column":8},"end":{"line":363,"column":109}},"109":{"start":{"line":364,"column":8},"end":{"line":364,"column":71}},"110":{"start":{"line":365,"column":8},"end":{"line":365,"column":43}},"111":{"start":{"line":366,"column":8},"end":{"line":366,"column":57}},"112":{"start":{"line":370,"column":8},"end":{"line":370,"column":85}},"113":{"start":{"line":371,"column":8},"end":{"line":371,"column":65}},"114":{"start":{"line":372,"column":8},"end":{"line":372,"column":14432}},"115":{"start":{"line":373,"column":12},"end":{"line":373,"column":63}},"116":{"start":{"line":374,"column":12},"end":{"line":374,"column":18}},"117":{"start":{"line":376,"column":8},"end":{"line":376,"column":102}},"118":{"start":{"line":377,"column":8},"end":{"line":377,"column":31}},"119":{"start":{"line":378,"column":8},"end":{"line":378,"column":14710}},"120":{"start":{"line":379,"column":12},"end":{"line":379,"column":54}},"121":{"start":{"line":381,"column":8},"end":{"line":381,"column":35}},"122":{"start":{"line":382,"column":8},"end":{"line":382,"column":66}},"123":{"start":{"line":383,"column":8},"end":{"line":383,"column":86}},"124":{"start":{"line":384,"column":8},"end":{"line":384,"column":14996}},"125":{"start":{"line":385,"column":12},"end":{"line":385,"column":99}},"126":{"start":{"line":387,"column":8},"end":{"line":387,"column":27}},"127":{"start":{"line":388,"column":8},"end":{"line":388,"column":15213}},"128":{"start":{"line":389,"column":12},"end":{"line":389,"column":63}}},"branchMap":{"1":{"line":82,"type":"if","locations":[{"start":{"line":82,"column":8},"end":{"line":82,"column":8}},{"start":{"line":82,"column":8},"end":{"line":82,"column":8}}]},"2":{"line":83,"type":"if","locations":[{"start":{"line":83,"column":8},"end":{"line":83,"column":8}},{"start":{"line":83,"column":8},"end":{"line":83,"column":8}}]},"3":{"line":113,"type":"if","locations":[{"start":{"line":113,"column":8},"end":{"line":113,"column":8}},{"start":{"line":113,"column":8},"end":{"line":113,"column":8}}]},"4":{"line":116,"type":"if","locations":[{"start":{"line":116,"column":8},"end":{"line":116,"column":8}},{"start":{"line":116,"column":8},"end":{"line":116,"column":8}}]},"5":{"line":127,"type":"if","locations":[{"start":{"line":127,"column":8},"end":{"line":127,"column":8}},{"start":{"line":127,"column":8},"end":{"line":127,"column":8}}]},"6":{"line":128,"type":"if","locations":[{"start":{"line":128,"column":8},"end":{"line":128,"column":8}},{"start":{"line":128,"column":8},"end":{"line":128,"column":8}}]},"7":{"line":129,"type":"if","locations":[{"start":{"line":129,"column":8},"end":{"line":129,"column":8}},{"start":{"line":129,"column":8},"end":{"line":129,"column":8}}]},"8":{"line":153,"type":"if","locations":[{"start":{"line":153,"column":8},"end":{"line":153,"column":8}},{"start":{"line":153,"column":8},"end":{"line":153,"column":8}}]},"9":{"line":178,"type":"if","locations":[{"start":{"line":178,"column":8},"end":{"line":178,"column":8}},{"start":{"line":178,"column":8},"end":{"line":178,"column":8}}]},"10":{"line":191,"type":"if","locations":[{"start":{"line":191,"column":8},"end":{"line":191,"column":8}},{"start":{"line":191,"column":8},"end":{"line":191,"column":8}}]},"11":{"line":200,"type":"if","locations":[{"start":{"line":200,"column":8},"end":{"line":200,"column":8}},{"start":{"line":200,"column":8},"end":{"line":200,"column":8}}]},"12":{"line":241,"type":"if","locations":[{"start":{"line":241,"column":8},"end":{"line":241,"column":8}},{"start":{"line":241,"column":8},"end":{"line":241,"column":8}}]},"13":{"line":244,"type":"if","locations":[{"start":{"line":244,"column":8},"end":{"line":244,"column":8}},{"start":{"line":244,"column":8},"end":{"line":244,"column":8}}]},"14":{"line":268,"type":"if","locations":[{"start":{"line":268,"column":8},"end":{"line":268,"column":8}},{"start":{"line":268,"column":8},"end":{"line":268,"column":8}}]},"15":{"line":272,"type":"if","locations":[{"start":{"line":272,"column":8},"end":{"line":272,"column":8}},{"start":{"line":272,"column":8},"end":{"line":272,"column":8}}]},"16":{"line":274,"type":"if","locations":[{"start":{"line":274,"column":12},"end":{"line":274,"column":12}},{"start":{"line":274,"column":12},"end":{"line":274,"column":12}}]},"17":{"line":285,"type":"if","locations":[{"start":{"line":285,"column":8},"end":{"line":285,"column":8}},{"start":{"line":285,"column":8},"end":{"line":285,"column":8}}]},"18":{"line":334,"type":"if","locations":[{"start":{"line":334,"column":8},"end":{"line":334,"column":8}},{"start":{"line":334,"column":8},"end":{"line":334,"column":8}}]},"19":{"line":335,"type":"if","locations":[{"start":{"line":335,"column":8},"end":{"line":335,"column":8}},{"start":{"line":335,"column":8},"end":{"line":335,"column":8}}]},"20":{"line":363,"type":"if","locations":[{"start":{"line":363,"column":8},"end":{"line":363,"column":8}},{"start":{"line":363,"column":8},"end":{"line":363,"column":8}}]},"21":{"line":372,"type":"if","locations":[{"start":{"line":372,"column":8},"end":{"line":372,"column":8}},{"start":{"line":372,"column":8},"end":{"line":372,"column":8}}]},"22":{"line":378,"type":"if","locations":[{"start":{"line":378,"column":8},"end":{"line":378,"column":8}},{"start":{"line":378,"column":8},"end":{"line":378,"column":8}}]},"23":{"line":384,"type":"if","locations":[{"start":{"line":384,"column":8},"end":{"line":384,"column":8}},{"start":{"line":384,"column":8},"end":{"line":384,"column":8}}]},"24":{"line":388,"type":"if","locations":[{"start":{"line":388,"column":8},"end":{"line":388,"column":8}},{"start":{"line":388,"column":8},"end":{"line":388,"column":8}}]}}},
"contracts/UltraToken.sol":{"l":{"13":2,"16":0,"17":0,"18":0,"22":21,"23":21},"path":"/Users/sergeyvagapov/Solidity/Ultra-Swap/contracts/UltraToken.sol","s":{"1":2,"2":0,"3":0,"4":0,"5":21,"6":21},"b":{"1":[0,0],"2":[0,0],"3":[21,0]},"f":{"1":2,"2":0,"3":21},"fnMap":{"1":{"name":"constructor","line":12,"loc":{"start":{"line":12,"column":4},"end":{"line":14,"column":4}}},"2":{"name":"burn","line":15,"loc":{"start":{"line":15,"column":4},"end":{"line":19,"column":4}}},"3":{"name":"mint","line":21,"loc":{"start":{"line":21,"column":4},"end":{"line":24,"column":4}}}},"statementMap":{"1":{"start":{"line":13,"column":8},"end":{"line":13,"column":51}},"2":{"start":{"line":16,"column":8},"end":{"line":16,"column":74}},"3":{"start":{"line":17,"column":8},"end":{"line":17,"column":81}},"4":{"start":{"line":18,"column":8},"end":{"line":18,"column":28}},"5":{"start":{"line":22,"column":8},"end":{"line":22,"column":74}},"6":{"start":{"line":23,"column":8},"end":{"line":23,"column":26}}},"branchMap":{"1":{"line":16,"type":"if","locations":[{"start":{"line":16,"column":8},"end":{"line":16,"column":8}},{"start":{"line":16,"column":8},"end":{"line":16,"column":8}}]},"2":{"line":17,"type":"if","locations":[{"start":{"line":17,"column":8},"end":{"line":17,"column":8}},{"start":{"line":17,"column":8},"end":{"line":17,"column":8}}]},"3":{"line":22,"type":"if","locations":[{"start":{"line":22,"column":8},"end":{"line":22,"column":8}},{"start":{"line":22,"column":8},"end":{"line":22,"column":8}}]}}}}
