TN:
SF:/Users/sergeyvagapov/Solidity/Ultra-Swap/contracts/AutoStaking.sol
FN:39,constructor
FN:45,notContract
FN:51,calculateRestakeReward
FN:55,deposit
FN:78,restake
FN:93,withdraw
FN:120,doApprove
FN:124,setPerformanceFee
FN:128,setRestakeReward
FN:132,setWithdrawFee
FN:136,setWithdrawFeePeriod
FN:140,emergencyWithdraw
FN:144,getToken
FN:154,pause
FN:158,unpause
FN:162,total
FN:170,_getAmountNeeded
FN:186,_balance
FN:190,_deposit
FNF:19
FNH:0
FNDA:0,constructor
FNDA:0,notContract
FNDA:0,calculateRestakeReward
FNDA:0,deposit
FNDA:0,restake
FNDA:0,withdraw
FNDA:0,doApprove
FNDA:0,setPerformanceFee
FNDA:0,setRestakeReward
FNDA:0,setWithdrawFee
FNDA:0,setWithdrawFeePeriod
FNDA:0,emergencyWithdraw
FNDA:0,getToken
FNDA:0,pause
FNDA:0,unpause
FNDA:0,total
FNDA:0,_getAmountNeeded
FNDA:0,_balance
FNDA:0,_deposit
DA:40,0
DA:41,0
DA:42,0
DA:46,0
DA:47,0
DA:48,0
DA:52,0
DA:56,0
DA:58,0
DA:59,0
DA:61,0
DA:62,0
DA:63,0
DA:65,0
DA:67,0
DA:68,0
DA:69,0
DA:70,0
DA:71,0
DA:73,0
DA:75,0
DA:79,0
DA:81,0
DA:82,0
DA:83,0
DA:85,0
DA:86,0
DA:88,0
DA:90,0
DA:94,0
DA:95,0
DA:96,0
DA:98,0
DA:99,0
DA:100,0
DA:102,0
DA:104,0
DA:105,0
DA:106,0
DA:107,0
DA:109,0
DA:113,0
DA:117,0
DA:121,0
DA:125,0
DA:129,0
DA:133,0
DA:137,0
DA:141,0
DA:145,0
DA:146,0
DA:147,0
DA:150,0
DA:155,0
DA:159,0
DA:163,0
DA:164,0
DA:165,0
DA:166,0
DA:167,0
DA:171,0
DA:172,0
DA:174,0
DA:175,0
DA:176,0
DA:177,0
DA:178,0
DA:180,0
DA:183,0
DA:187,0
DA:191,0
DA:192,0
DA:193,0
LF:73
LH:0
BRDA:46,1,0,0
BRDA:46,1,1,0
BRDA:47,2,0,0
BRDA:47,2,1,0
BRDA:56,3,0,0
BRDA:56,3,1,0
BRDA:62,4,0,0
BRDA:62,4,1,0
BRDA:67,5,0,0
BRDA:67,5,1,0
BRDA:95,6,0,0
BRDA:95,6,1,0
BRDA:96,7,0,0
BRDA:96,7,1,0
BRDA:104,8,0,0
BRDA:104,8,1,0
BRDA:145,9,0,0
BRDA:145,9,1,0
BRDA:171,10,0,0
BRDA:171,10,1,0
BRDA:175,11,0,0
BRDA:175,11,1,0
BRDA:177,12,0,0
BRDA:177,12,1,0
BRDA:192,13,0,0
BRDA:192,13,1,0
BRF:26
BRH:0
end_of_record
TN:
SF:/Users/sergeyvagapov/Solidity/Ultra-Swap/contracts/Migrations.sol
FN:8,restricted
FN:16,setCompleted
FNF:2
FNH:0
FNDA:0,restricted
FNDA:0,setCompleted
DA:9,0
DA:13,0
DA:17,0
LF:3
LH:0
BRDA:9,1,0,0
BRDA:9,1,1,0
BRF:2
BRH:0
end_of_record
TN:
SF:/Users/sergeyvagapov/Solidity/Ultra-Swap/contracts/ReferralProgram.sol
FN:18,constructor
FN:28,setSignatureCheck
FN:31,register
FN:38,registerWithCheck
FN:46,registrateUser
FNF:5
FNH:2
FNDA:2,constructor
FNDA:0,setSignatureCheck
FNDA:2,register
FNDA:0,registerWithCheck
FNDA:0,registrateUser
DA:22,2
DA:23,2
DA:29,0
DA:32,2
DA:33,2
DA:34,2
DA:35,2
DA:39,0
DA:40,0
DA:41,0
DA:42,0
DA:47,0
DA:48,0
LF:13
LH:6
BRDA:32,1,0,2
BRDA:32,1,1,0
BRDA:33,2,0,2
BRDA:33,2,1,0
BRDA:39,3,0,0
BRDA:39,3,1,0
BRDA:40,4,0,0
BRDA:40,4,1,0
BRF:8
BRH:2
end_of_record
TN:
SF:/Users/sergeyvagapov/Solidity/Ultra-Swap/contracts/Staking.sol
FN:58,constructor
FN:82,poolLength
FN:91,pendingReward
FN:111,addPool
FN:137,setRewardPerSecond
FN:144,excludeFromFee
FN:150,includeInFee
FN:162,setPoolAllocPoint
FN:175,setPoolFeePercentage
FN:184,setBurnAddress
FN:193,setReferralProgram
FN:201,setReferralOwnerWithdrawAwait
FN:209,setReferralPercent
FN:217,setMinReferralReward
FN:225,getReferralRewardFor
FN:237,getFees
FN:247,deposit
FN:269,withdraw
FN:289,emergencyWithdraw
FN:302,getReferralReward
FN:312,massUpdatePools
FN:323,updatePool
FN:339,_giveRewards
FNF:23
FNH:0
FNDA:0,constructor
FNDA:0,poolLength
FNDA:0,pendingReward
FNDA:0,addPool
FNDA:0,setRewardPerSecond
FNDA:0,excludeFromFee
FNDA:0,includeInFee
FNDA:0,setPoolAllocPoint
FNDA:0,setPoolFeePercentage
FNDA:0,setBurnAddress
FNDA:0,setReferralProgram
FNDA:0,setReferralOwnerWithdrawAwait
FNDA:0,setReferralPercent
FNDA:0,setMinReferralReward
FNDA:0,getReferralRewardFor
FNDA:0,getFees
FNDA:0,deposit
FNDA:0,withdraw
FNDA:0,emergencyWithdraw
FNDA:0,getReferralReward
FNDA:0,massUpdatePools
FNDA:0,updatePool
FNDA:0,_giveRewards
DA:59,0
DA:60,0
DA:61,0
DA:62,0
DA:63,0
DA:64,0
DA:65,0
DA:66,0
DA:76,0
DA:83,0
DA:92,0
DA:93,0
DA:94,0
DA:95,0
DA:96,0
DA:97,0
DA:98,0
DA:99,0
DA:101,0
DA:112,0
DA:113,0
DA:114,0
DA:115,0
DA:117,0
DA:118,0
DA:119,0
DA:120,0
DA:138,0
DA:139,0
DA:141,0
DA:145,0
DA:146,0
DA:151,0
DA:152,0
DA:163,0
DA:164,0
DA:166,0
DA:167,0
DA:176,0
DA:177,0
DA:185,0
DA:186,0
DA:194,0
DA:202,0
DA:210,0
DA:218,0
DA:226,0
DA:227,0
DA:228,0
DA:229,0
DA:230,0
DA:238,0
DA:239,0
DA:248,0
DA:249,0
DA:250,0
DA:251,0
DA:252,0
DA:253,0
DA:254,0
DA:256,0
DA:257,0
DA:258,0
DA:259,0
DA:260,0
DA:261,0
DA:270,0
DA:271,0
DA:272,0
DA:273,0
DA:274,0
DA:275,0
DA:276,0
DA:277,0
DA:278,0
DA:279,0
DA:280,0
DA:281,0
DA:282,0
DA:290,0
DA:291,0
DA:292,0
DA:293,0
DA:294,0
DA:295,0
DA:296,0
DA:303,0
DA:304,0
DA:305,0
DA:306,0
DA:313,0
DA:314,0
DA:315,0
DA:324,0
DA:325,0
DA:326,0
DA:328,0
DA:329,0
DA:330,0
DA:331,0
DA:333,0
DA:334,0
DA:335,0
DA:336,0
DA:340,0
DA:341,0
DA:342,0
DA:344,0
DA:345,0
DA:346,0
DA:347,0
DA:349,0
DA:350,0
DA:351,0
DA:352,0
DA:353,0
DA:355,0
DA:356,0
DA:357,0
LF:119
LH:0
BRDA:59,1,0,0
BRDA:59,1,1,0
BRDA:60,2,0,0
BRDA:60,2,1,0
BRDA:96,3,0,0
BRDA:96,3,1,0
BRDA:112,4,0,0
BRDA:112,4,1,0
BRDA:113,5,0,0
BRDA:113,5,1,0
BRDA:114,6,0,0
BRDA:114,6,1,0
BRDA:138,7,0,0
BRDA:138,7,1,0
BRDA:163,8,0,0
BRDA:163,8,1,0
BRDA:176,9,0,0
BRDA:176,9,1,0
BRDA:185,10,0,0
BRDA:185,10,1,0
BRDA:226,11,0,0
BRDA:226,11,1,0
BRDA:229,12,0,0
BRDA:229,12,1,0
BRDA:248,13,0,0
BRDA:248,13,1,0
BRDA:252,14,0,0
BRDA:252,14,1,0
BRDA:272,15,0,0
BRDA:272,15,1,0
BRDA:273,16,0,0
BRDA:273,16,1,0
BRDA:303,17,0,0
BRDA:303,17,1,0
BRDA:325,18,0,0
BRDA:325,18,1,0
BRDA:329,19,0,0
BRDA:329,19,1,0
BRDA:340,20,0,0
BRDA:340,20,1,0
BRDA:346,21,0,0
BRDA:346,21,1,0
BRDA:352,22,0,0
BRDA:352,22,1,0
BRDA:356,23,0,0
BRDA:356,23,1,0
BRF:46
BRH:0
end_of_record
TN:
SF:/Users/sergeyvagapov/Solidity/Ultra-Swap/contracts/StakingV2.sol
FN:73,constructor
FN:104,poolLength
FN:109,pendingReward
FN:126,addPool
FN:152,setRewardPerSecond
FN:159,excludeFromFee
FN:165,includeInFee
FN:177,setPoolAllocPoint
FN:190,setPoolFeePercentage
FN:199,setBurnAddress
FN:208,setReferralProgram
FN:216,setReferralOwnerWithdrawAwait
FN:224,setReferralPercent
FN:232,setMinReferralReward
FN:240,getReferralRewardFor
FN:252,getFees
FN:259,massUpdatePools
FN:266,updatePool
FN:284,deposit
FN:302,withdraw
FN:320,harvest
FN:348,emergencyWithdraw
FN:362,getReferralReward
FN:369,_giveRewards
FNF:24
FNH:15
FNDA:2,constructor
FNDA:1,poolLength
FNDA:18,pendingReward
FNDA:1,addPool
FNDA:1,setRewardPerSecond
FNDA:0,excludeFromFee
FNDA:0,includeInFee
FNDA:0,setPoolAllocPoint
FNDA:0,setPoolFeePercentage
FNDA:0,setBurnAddress
FNDA:0,setReferralProgram
FNDA:2,setReferralOwnerWithdrawAwait
FNDA:2,setReferralPercent
FNDA:3,setMinReferralReward
FNDA:0,getReferralRewardFor
FNDA:0,getFees
FNDA:2,massUpdatePools
FNDA:15,updatePool
FNDA:3,deposit
FNDA:2,withdraw
FNDA:8,harvest
FNDA:0,emergencyWithdraw
FNDA:3,getReferralReward
FNDA:4,_giveRewards
DA:82,2
DA:83,2
DA:84,2
DA:85,2
DA:86,2
DA:87,2
DA:88,2
DA:90,2
DA:99,2
DA:100,2
DA:105,1
DA:110,18
DA:111,18
DA:113,18
DA:114,13
DA:115,13
DA:116,13
DA:117,10
DA:118,10
DA:119,10
DA:121,13
DA:127,1
DA:128,1
DA:129,1
DA:130,1
DA:132,1
DA:133,1
DA:134,1
DA:135,1
DA:144,1
DA:153,1
DA:154,1
DA:156,1
DA:160,0
DA:161,0
DA:166,0
DA:167,0
DA:178,0
DA:179,0
DA:181,0
DA:182,0
DA:191,0
DA:192,0
DA:200,0
DA:201,0
DA:209,0
DA:217,2
DA:225,2
DA:233,3
DA:241,0
DA:242,0
DA:243,0
DA:244,0
DA:245,0
DA:253,0
DA:254,0
DA:260,2
DA:261,2
DA:262,2
DA:267,15
DA:268,15
DA:269,1
DA:271,14
DA:272,14
DA:273,14
DA:274,14
DA:275,14
DA:276,14
DA:277,14
DA:279,14
DA:280,14
DA:285,3
DA:286,3
DA:287,3
DA:290,3
DA:291,3
DA:292,3
DA:293,3
DA:297,3
DA:303,2
DA:304,2
DA:307,2
DA:310,2
DA:311,2
DA:315,2
DA:321,8
DA:322,8
DA:323,8
DA:324,8
DA:325,8
DA:326,8
DA:327,8
DA:328,8
DA:329,8
DA:330,8
DA:334,8
DA:335,4
DA:336,4
DA:339,4
DA:340,4
DA:349,0
DA:350,0
DA:351,0
DA:353,0
DA:354,0
DA:355,0
DA:363,3
DA:364,1
DA:365,1
DA:366,1
DA:370,4
DA:371,4
DA:372,4
DA:373,0
DA:374,0
DA:376,4
DA:377,4
DA:378,4
DA:379,4
DA:381,4
DA:382,4
DA:383,4
DA:384,4
DA:385,1
DA:387,4
DA:388,4
DA:389,4
LF:127
LH:99
BRDA:82,1,0,2
BRDA:82,1,1,0
BRDA:83,2,0,2
BRDA:83,2,1,0
BRDA:113,3,0,5
BRDA:113,3,1,13
BRDA:116,4,0,10
BRDA:116,4,1,3
BRDA:127,5,0,1
BRDA:127,5,1,0
BRDA:128,6,0,1
BRDA:128,6,1,0
BRDA:129,7,0,1
BRDA:129,7,1,0
BRDA:153,8,0,1
BRDA:153,8,1,0
BRDA:178,9,0,0
BRDA:178,9,1,0
BRDA:191,10,0,0
BRDA:191,10,1,0
BRDA:200,11,0,0
BRDA:200,11,1,0
BRDA:241,12,0,0
BRDA:241,12,1,0
BRDA:244,13,0,0
BRDA:244,13,1,0
BRDA:268,14,0,1
BRDA:268,14,1,14
BRDA:272,15,0,14
BRDA:272,15,1,0
BRDA:274,16,0,14
BRDA:274,16,1,0
BRDA:285,17,0,3
BRDA:285,17,1,0
BRDA:334,18,0,4
BRDA:334,18,1,4
BRDA:335,19,0,4
BRDA:335,19,1,0
BRDA:363,20,0,1
BRDA:363,20,1,2
BRDA:372,21,0,0
BRDA:372,21,1,4
BRDA:378,22,0,4
BRDA:378,22,1,0
BRDA:384,23,0,1
BRDA:384,23,1,3
BRDA:388,24,0,4
BRDA:388,24,1,0
BRF:48
BRH:25
end_of_record
TN:
SF:/Users/sergeyvagapov/Solidity/Ultra-Swap/contracts/UltraToken.sol
FN:12,constructor
FN:15,burn
FN:21,mint
FNF:3
FNH:2
FNDA:2,constructor
FNDA:0,burn
FNDA:21,mint
DA:13,2
DA:16,0
DA:17,0
DA:18,0
DA:22,21
DA:23,21
LF:6
LH:3
BRDA:16,1,0,0
BRDA:16,1,1,0
BRDA:17,2,0,0
BRDA:17,2,1,0
BRDA:22,3,0,21
BRDA:22,3,1,0
BRF:6
BRH:1
end_of_record
