TN:
SF:/Users/sergeyvagapov/Solidity/crosspunks-bsc-game/contracts/FuelToken.sol
FN:12,constructor
FN:15,burn
FN:21,mint
FNF:3
FNH:3
FNDA:39,constructor
FNDA:3,burn
FNDA:20,mint
DA:13,39
DA:16,3
DA:17,2
DA:18,1
DA:22,20
DA:23,19
LF:6
LH:6
BRDA:16,1,0,2
BRDA:16,1,1,1
BRDA:17,2,0,1
BRDA:17,2,1,1
BRDA:22,3,0,19
BRDA:22,3,1,1
BRF:6
BRH:6
end_of_record
TN:
SF:/Users/sergeyvagapov/Solidity/crosspunks-bsc-game/contracts/Staking.sol
FN:55,constructor
FN:67,poolLength
FN:77,add
FN:100,set
FN:109,changeStakeToken
FN:123,getMultiplier
FN:139,pendingReward
FN:159,massUpdatePools
FN:167,updatePool
FN:187,deposit
FN:207,withdraw
FN:222,emergencyWithdraw
FN:232,safeRewardTransfer
FNF:13
FNH:12
FNDA:21,constructor
FNDA:0,poolLength
FNDA:7,add
FNDA:1,set
FNDA:1,changeStakeToken
FNDA:21,getMultiplier
FNDA:10,pendingReward
FNDA:8,massUpdatePools
FNDA:26,updatePool
FNDA:17,deposit
FNDA:6,withdraw
FNDA:1,emergencyWithdraw
FNDA:13,safeRewardTransfer
DA:61,21
DA:62,21
DA:63,21
DA:64,21
DA:68,0
DA:78,7
DA:79,7
DA:81,7
DA:83,7
DA:84,7
DA:91,7
DA:92,7
DA:101,1
DA:102,1
DA:104,1
DA:105,1
DA:106,1
DA:110,1
DA:111,1
DA:112,1
DA:113,1
DA:114,1
DA:119,1
DA:128,21
DA:129,19
DA:131,0
DA:133,2
DA:144,10
DA:145,10
DA:146,10
DA:147,10
DA:148,10
DA:149,6
DA:151,6
DA:153,6
DA:155,10
DA:160,8
DA:161,8
DA:162,3
DA:168,26
DA:169,26
DA:170,5
DA:172,21
DA:173,21
DA:174,6
DA:175,6
DA:177,15
DA:178,15
DA:180,15
DA:181,15
DA:182,15
DA:183,15
DA:188,17
DA:189,17
DA:190,17
DA:191,17
DA:192,7
DA:194,7
DA:196,17
DA:201,17
DA:202,17
DA:203,17
DA:208,6
DA:209,6
DA:210,6
DA:211,6
DA:212,6
DA:214,6
DA:215,6
DA:216,6
DA:217,6
DA:218,6
DA:223,1
DA:224,1
DA:225,1
DA:226,1
DA:227,1
DA:228,1
DA:233,13
DA:234,13
DA:235,0
DA:237,13
LF:82
LH:79
BRDA:78,1,0,7
BRDA:78,1,1,0
BRDA:101,2,0,1
BRDA:101,2,1,0
BRDA:110,3,0,1
BRDA:110,3,1,0
BRDA:113,4,0,1
BRDA:113,4,1,0
BRDA:128,5,0,19
BRDA:128,5,1,2
BRDA:130,6,0,0
BRDA:130,6,1,2
BRDA:148,7,0,6
BRDA:148,7,1,4
BRDA:169,8,0,5
BRDA:169,8,1,21
BRDA:173,9,0,6
BRDA:173,9,1,15
BRDA:191,10,0,7
BRDA:191,10,1,10
BRDA:210,11,0,6
BRDA:210,11,1,0
BRDA:234,12,0,0
BRDA:234,12,1,13
BRF:24
BRH:17
end_of_record
